<?xml version="1.0" encoding="UTF-8"?>
<!-- Generated by org.testng.reporters.JUnitXMLReporter -->
<testsuite hostname="IDP-LAP-145" ignored="0" name="Add and remove order test" tests="4" failures="0" timestamp="07 May 2021 09:49:08 GMT" time="28.745" errors="0">
  <testcase name="verifyHomePage" time="2.849" classname="com.qa.skinyties.testscript.CartTest"/>
  <testcase name="verifyAvailProduct" time="8.854" classname="com.qa.skinyties.testscript.CartTest"/>
  <testcase name="VerifyAddToCart" time="3.47" classname="com.qa.skinyties.testscript.CartTest"/>
  <testcase name="VerifyRemoveTieFromCart" time="2.43" classname="com.qa.skinyties.testscript.CartTest"/>
</testsuite> <!-- Add and remove order test -->
