<?xml version="1.0" encoding="UTF-8"?>
<!-- Generated by org.testng.reporters.JUnitXMLReporter -->
<testsuite hostname="IDP-LAP-145" ignored="0" name="Default test" tests="4" failures="0" timestamp="07 May 2021 09:50:21 GMT" time="30.735" errors="0">
  <testcase name="verifyHomePage" time="3.983" classname="com.qa.skinyties.testscript.CartTest"/>
  <testcase name="verifyAvailProduct" time="8.713" classname="com.qa.skinyties.testscript.CartTest"/>
  <testcase name="VerifyAddToCart" time="3.754" classname="com.qa.skinyties.testscript.CartTest"/>
  <testcase name="VerifyRemoveTieFromCart" time="2.034" classname="com.qa.skinyties.testscript.CartTest"/>
</testsuite> <!-- Default test -->
